# Logfile created on 2014-02-08 20:02:09 +0200 by logger.rb/44203
I, [2014-02-08T20:02:09.721781 #12802]  INFO -- : 0:  addressable (2.3.5) from /home/emanuela/.rvm/gems/ruby-2.1.0/specifications/addressable-2.3.5.gemspec
I, [2014-02-08T20:02:09.722403 #12802]  INFO -- : 0:  encryptor (1.3.0) from /home/emanuela/.rvm/gems/ruby-2.1.0/specifications/encryptor-1.3.0.gemspec
I, [2014-02-08T20:02:09.722830 #12802]  INFO -- : 0:  attr_encrypted (1.3.1) from /home/emanuela/.rvm/gems/ruby-2.1.0/specifications/attr_encrypted-1.3.1.gemspec
I, [2014-02-08T20:02:09.723256 #12802]  INFO -- : 0:  backports (3.4.1) from /home/emanuela/.rvm/gems/ruby-2.1.0/specifications/backports-3.4.1.gemspec
I, [2014-02-08T20:02:09.723657 #12802]  INFO -- : 0:  bcrypt-ruby (3.1.2) from /home/emanuela/.rvm/gems/ruby-2.1.0/specifications/bcrypt-ruby-3.1.2.gemspec
I, [2014-02-08T20:02:10.535681 #12802]  INFO -- : 0:  chartkick (1.2.1) from /home/emanuela/.rvm/gems/ruby-2.1.0/specifications/chartkick-1.2.1.gemspec
I, [2014-02-08T20:02:10.536305 #12802]  INFO -- : 0:  daemons (1.1.9) from /home/emanuela/.rvm/gems/ruby-2.1.0/specifications/daemons-1.1.9.gemspec
I, [2014-02-08T20:02:10.536696 #12802]  INFO -- : 0:  dm-core (1.2.1) from /home/emanuela/.rvm/gems/ruby-2.1.0/specifications/dm-core-1.2.1.gemspec
I, [2014-02-08T20:02:10.537085 #12802]  INFO -- : 0:  dm-aggregates (1.2.0) from /home/emanuela/.rvm/gems/ruby-2.1.0/specifications/dm-aggregates-1.2.0.gemspec
I, [2014-02-08T20:02:10.537493 #12802]  INFO -- : 0:  dm-constraints (1.2.0) from /home/emanuela/.rvm/gems/ruby-2.1.0/specifications/dm-constraints-1.2.0.gemspec
I, [2014-02-08T20:02:10.537883 #12802]  INFO -- : 0:  dm-migrations (1.2.0) from /home/emanuela/.rvm/gems/ruby-2.1.0/specifications/dm-migrations-1.2.0.gemspec
I, [2014-02-08T20:02:10.538321 #12802]  INFO -- : 0:  fastercsv (1.5.5) from /home/emanuela/.rvm/gems/ruby-2.1.0/specifications/fastercsv-1.5.5.gemspec
I, [2014-02-08T20:02:10.538692 #12802]  INFO -- : 0:  json (1.8.1) from /home/emanuela/.rvm/rubies/ruby-2.1.0/lib/ruby/gems/2.1.0/specifications/default/json-1.8.1.gemspec
I, [2014-02-08T20:02:10.539067 #12802]  INFO -- : 0:  json_pure (1.8.1) from /home/emanuela/.rvm/gems/ruby-2.1.0/specifications/json_pure-1.8.1.gemspec
I, [2014-02-08T20:02:10.539479 #12802]  INFO -- : 0:  multi_json (1.8.4) from /home/emanuela/.rvm/gems/ruby-2.1.0/specifications/multi_json-1.8.4.gemspec
I, [2014-02-08T20:02:10.539857 #12802]  INFO -- : 0:  dm-serializer (1.2.2) from /home/emanuela/.rvm/gems/ruby-2.1.0/specifications/dm-serializer-1.2.2.gemspec
I, [2014-02-08T20:02:10.540276 #12802]  INFO -- : 0:  dm-timestamps (1.2.0) from /home/emanuela/.rvm/gems/ruby-2.1.0/specifications/dm-timestamps-1.2.0.gemspec
I, [2014-02-08T20:02:10.540658 #12802]  INFO -- : 0:  dm-transactions (1.2.0) from /home/emanuela/.rvm/gems/ruby-2.1.0/specifications/dm-transactions-1.2.0.gemspec
I, [2014-02-08T20:02:10.541064 #12802]  INFO -- : 0:  stringex (1.5.1) from /home/emanuela/.rvm/gems/ruby-2.1.0/specifications/stringex-1.5.1.gemspec
I, [2014-02-08T20:02:10.541441 #12802]  INFO -- : 0:  uuidtools (2.1.4) from /home/emanuela/.rvm/gems/ruby-2.1.0/specifications/uuidtools-2.1.4.gemspec
I, [2014-02-08T20:02:10.541813 #12802]  INFO -- : 0:  dm-types (1.2.2) from /home/emanuela/.rvm/gems/ruby-2.1.0/specifications/dm-types-1.2.2.gemspec
I, [2014-02-08T20:02:10.542288 #12802]  INFO -- : 0:  dm-validations (1.2.0) from /home/emanuela/.rvm/gems/ruby-2.1.0/specifications/dm-validations-1.2.0.gemspec
I, [2014-02-08T20:02:10.542724 #12802]  INFO -- : 0:  data_mapper (1.2.0) from /home/emanuela/.rvm/gems/ruby-2.1.0/specifications/data_mapper-1.2.0.gemspec
I, [2014-02-08T20:02:10.543186 #12802]  INFO -- : 0:  data_objects (0.10.13) from /home/emanuela/.rvm/gems/ruby-2.1.0/specifications/data_objects-0.10.13.gemspec
I, [2014-02-08T20:02:10.543610 #12802]  INFO -- : 0:  diff-lcs (1.2.5) from /home/emanuela/.rvm/gems/ruby-2.1.0/specifications/diff-lcs-1.2.5.gemspec
I, [2014-02-08T20:02:10.544042 #12802]  INFO -- : 0:  dm-do-adapter (1.2.0) from /home/emanuela/.rvm/gems/ruby-2.1.0/specifications/dm-do-adapter-1.2.0.gemspec
I, [2014-02-08T20:02:10.544453 #12802]  INFO -- : 0:  do_sqlite3 (0.10.13) from /home/emanuela/.rvm/gems/ruby-2.1.0/specifications/do_sqlite3-0.10.13.gemspec
I, [2014-02-08T20:02:10.544875 #12802]  INFO -- : 0:  dm-sqlite-adapter (1.2.0) from /home/emanuela/.rvm/gems/ruby-2.1.0/specifications/dm-sqlite-adapter-1.2.0.gemspec
I, [2014-02-08T20:02:10.545283 #12802]  INFO -- : 0:  eventmachine (1.0.3) from /home/emanuela/.rvm/gems/ruby-2.1.0/specifications/eventmachine-1.0.3.gemspec
I, [2014-02-08T20:02:10.545678 #12802]  INFO -- : 0:  tilt (1.4.1) from /home/emanuela/.rvm/gems/ruby-2.1.0/specifications/tilt-1.4.1.gemspec
I, [2014-02-08T20:02:10.546116 #12802]  INFO -- : 0:  haml (4.0.5) from /home/emanuela/.rvm/gems/ruby-2.1.0/specifications/haml-4.0.5.gemspec
I, [2014-02-08T20:02:10.546511 #12802]  INFO -- : 0:  rack (1.5.2) from /home/emanuela/.rvm/gems/ruby-2.1.0/specifications/rack-1.5.2.gemspec
I, [2014-02-08T20:02:10.546931 #12802]  INFO -- : 0:  rack-protection (1.5.2) from /home/emanuela/.rvm/gems/ruby-2.1.0/specifications/rack-protection-1.5.2.gemspec
I, [2014-02-08T20:02:10.547336 #12802]  INFO -- : 0:  rack-test (0.6.2) from /home/emanuela/.rvm/gems/ruby-2.1.0/specifications/rack-test-0.6.2.gemspec
I, [2014-02-08T20:02:10.547763 #12802]  INFO -- : 0:  rspec-core (2.14.7) from /home/emanuela/.rvm/gems/ruby-2.1.0/specifications/rspec-core-2.14.7.gemspec
I, [2014-02-08T20:02:10.548182 #12802]  INFO -- : 0:  rspec-expectations (2.14.5) from /home/emanuela/.rvm/gems/ruby-2.1.0/specifications/rspec-expectations-2.14.5.gemspec
I, [2014-02-08T20:02:10.548621 #12802]  INFO -- : 0:  rspec-mocks (2.14.5) from /home/emanuela/.rvm/gems/ruby-2.1.0/specifications/rspec-mocks-2.14.5.gemspec
I, [2014-02-08T20:02:10.549018 #12802]  INFO -- : 0:  rspec (2.14.1) from /home/emanuela/.rvm/gems/ruby-2.1.0/specifications/rspec-2.14.1.gemspec
I, [2014-02-08T20:02:10.549412 #12802]  INFO -- : 0:  sinatra (1.4.4) from /home/emanuela/.rvm/gems/ruby-2.1.0/specifications/sinatra-1.4.4.gemspec
I, [2014-02-08T20:02:10.549830 #12802]  INFO -- : 0:  sinatra-contrib (1.4.2) from /home/emanuela/.rvm/gems/ruby-2.1.0/specifications/sinatra-contrib-1.4.2.gemspec
I, [2014-02-08T20:02:10.550258 #12802]  INFO -- : 0:  sqlite3 (1.3.8) from /home/emanuela/.rvm/gems/ruby-2.1.0/specifications/sqlite3-1.3.8.gemspec
I, [2014-02-08T20:02:10.550679 #12802]  INFO -- : 0:  thin (1.6.1) from /home/emanuela/.rvm/gems/ruby-2.1.0/specifications/thin-1.6.1.gemspec
I, [2014-02-08T20:02:10.551063 #12802]  INFO -- : 0:  bundler (1.5.1) from /home/emanuela/.rvm/gems/ruby-2.1.0@global/specifications/bundler-1.5.1.gemspec
